<?xml version="1.0" encoding="UTF-8"?>
<!-- Generated by org.testng.reporters.JUnitXMLReporter -->
<testsuite ignored="0" hostname="HP-pavilion-14-plus" failures="0" tests="3" name="Default test" time="10.578" errors="0" timestamp="2023-12-04T10:54:26 IST">
  <testcase classname="Basic.DemoTest" name="FacebookTest" time="3.173"/>
  <testcase classname="Basic.DemoTest" name="swiggy" time="3.448"/>
  <testcase classname="Basic.DemoTest" name="zomato" time="3.9"/>
</testsuite> <!-- Default test -->
