<?xml version="1.0" encoding="UTF-8"?>
<!-- Generated by org.testng.reporters.JUnitXMLReporter -->
<testsuite ignored="1" hostname="HP-pavilion-14-plus" failures="0" tests="2" name="Test" time="7.422" errors="0" timestamp="2023-12-04T11:00:04 IST">
  <testcase classname="Basic.DemoTest" name="swiggy" time="4.13"/>
  <testcase classname="Basic.DemoTest" name="zomato" time="3.253"/>
  <testcase classname="Basic.DemoTest" name="FacebookTest" time="0.0">
    <ignored/>
  </testcase> <!-- FacebookTest -->
</testsuite> <!-- Test -->
