<?xml version="1.0" encoding="UTF-8"?>
<testng-results ignored="0" total="2" passed="2" failed="0" skipped="0">
  <reporter-output>
  </reporter-output>
  <suite started-at="2023-12-04T10:59:56 IST" name="Suite" finished-at="2023-12-04T11:00:04 IST" duration-ms="7422">
    <groups>
      <group name="Food">
        <method signature="DemoTest.swiggy()[pri:0, instance:Basic.DemoTest@644baf4a]" name="swiggy" class="Basic.DemoTest"/>
        <method signature="DemoTest.zomato()[pri:0, instance:Basic.DemoTest@644baf4a]" name="zomato" class="Basic.DemoTest"/>
      </group> <!-- Food -->
    </groups>
    <test started-at="2023-12-04T10:59:56 IST" name="Test" finished-at="2023-12-04T11:00:04 IST" duration-ms="7422">
      <class name="Basic.DemoTest">
        <test-method signature="swiggy()[pri:0, instance:Basic.DemoTest@644baf4a]" started-at="2023-12-04T10:59:56 IST" name="swiggy" finished-at="2023-12-04T11:00:00 IST" duration-ms="4130" status="PASS">
          <reporter-output>
          </reporter-output>
        </test-method> <!-- swiggy -->
        <test-method signature="zomato()[pri:0, instance:Basic.DemoTest@644baf4a]" started-at="2023-12-04T11:00:00 IST" name="zomato" finished-at="2023-12-04T11:00:04 IST" duration-ms="3253" status="PASS">
          <reporter-output>
          </reporter-output>
        </test-method> <!-- zomato -->
      </class> <!-- Basic.DemoTest -->
    </test> <!-- Test -->
  </suite> <!-- Suite -->
</testng-results>
