<?xml version="1.0" encoding="UTF-8"?>
<testng-results ignored="0" total="1" passed="1" failed="0" skipped="0">
  <reporter-output>
  </reporter-output>
  <suite started-at="2023-12-01T09:38:10 IST" name="Default suite" finished-at="2023-12-01T09:38:15 IST" duration-ms="4948">
    <groups>
    </groups>
    <test started-at="2023-12-01T09:38:10 IST" name="Default test" finished-at="2023-12-01T09:38:15 IST" duration-ms="4948">
      <class name="Basic.DemoTest">
        <test-method signature="FacebookTest()[pri:0, instance:Basic.DemoTest@750e2b97]" started-at="2023-12-01T09:38:10 IST" name="FacebookTest" finished-at="2023-12-01T09:38:15 IST" duration-ms="4906" status="PASS">
          <reporter-output>
          </reporter-output>
        </test-method> <!-- FacebookTest -->
      </class> <!-- Basic.DemoTest -->
    </test> <!-- Default test -->
  </suite> <!-- Default suite -->
</testng-results>
